<?xml version="1.0" encoding="UTF-8"?>
<testsuites name="rstest tests" tests="416" failures="0" errors="0" skipped="0" time="9.618" timestamp="2026-06-10T23:13:11.640Z">
  <testsuite name="packages/genui/a2ui-catalog-extractor/test/extractor-functions.test.ts" tests="3" failures="0" errors="0" skipped="0" time="2.118" timestamp="2026-06-10T23:13:11.639Z">
    <testcase name="extractCatalogFunctions &gt; extracts function definitions from TS fixtures" classname="packages/genui/a2ui-catalog-extractor/test/extractor-functions.test.ts" time="0.619">
    </testcase>
    <testcase name="extractCatalogFunctions &gt; writeCatalogArtifacts emits component files and function schemas" classname="packages/genui/a2ui-catalog-extractor/test/extractor-functions.test.ts" time="0.721">
    </testcase>
    <testcase name="extractCatalogFunctions &gt; rejects async return types" classname="packages/genui/a2ui-catalog-extractor/test/extractor-functions.test.ts" time="0.778">
    </testcase>
  </testsuite>
  <testsuite name="packages/genui/a2ui-catalog-extractor/test/extractor.test.ts" tests="7" failures="0" errors="0" skipped="0" time="3.816" timestamp="2026-06-10T23:13:11.640Z">
    <testcase name="extractCatalogComponents &gt; extracts component schemas from TSX catalog fixtures" classname="packages/genui/a2ui-catalog-extractor/test/extractor.test.ts" time="0.709">
    </testcase>
    <testcase name="extractCatalogComponents &gt; writes catalog.json files from TSX catalog fixtures" classname="packages/genui/a2ui-catalog-extractor/test/extractor.test.ts" time="0.696">
    </testcase>
    <testcase name="extractCatalogComponents &gt; creates a full catalog from TSX-extracted components" classname="packages/genui/a2ui-catalog-extractor/test/extractor.test.ts" time="0.763">
    </testcase>
    <testcase name="extractCatalogComponents &gt; writes catalog files from an existing TypeDoc JSON project through the CLI" classname="packages/genui/a2ui-catalog-extractor/test/extractor.test.ts" time="0.004">
    </testcase>
    <testcase name="extractCatalogComponents &gt; writes the configured catalog ID to the full catalog file" classname="packages/genui/a2ui-catalog-extractor/test/extractor.test.ts" time="0.567">
    </testcase>
    <testcase name="extractCatalogComponents &gt; throws for ambiguous intrinsic catalog property types in TSX fixtures" classname="packages/genui/a2ui-catalog-extractor/test/extractor.test.ts" time="0.467">
    </testcase>
    <testcase name="extractCatalogComponents &gt; throws for nullable unions in TSX fixtures" classname="packages/genui/a2ui-catalog-extractor/test/extractor.test.ts" time="0.61">
    </testcase>
  </testsuite>
  <testsuite name="packages/genui/cli/test/a2ui-create.test.ts" tests="5" failures="0" errors="0" skipped="0" time="0.048" timestamp="2026-06-10T23:13:11.640Z">
    <testcase name="genui a2ui create &gt; creates a project with default template" classname="packages/genui/cli/test/a2ui-create.test.ts" time="0.027">
    </testcase>
    <testcase name="genui a2ui create &gt; fails when target directory is not empty" classname="packages/genui/cli/test/a2ui-create.test.ts" time="0.002">
    </testcase>
    <testcase name="genui a2ui create &gt; uses custom project name in package.json" classname="packages/genui/cli/test/a2ui-create.test.ts" time="0.018">
    </testcase>
    <testcase name="genui a2ui create &gt; shows help with --help flag" classname="packages/genui/cli/test/a2ui-create.test.ts" time="0">
    </testcase>
    <testcase name="genui a2ui create &gt; rejects unknown template" classname="packages/genui/cli/test/a2ui-create.test.ts" time="0.001">
    </testcase>
  </testsuite>
  <testsuite name="packages/genui/cli/test/a2ui-generate.test.ts" tests="7" failures="0" errors="0" skipped="0" time="0.529" timestamp="2026-06-10T23:13:11.640Z">
    <testcase name="genui a2ui generate catalog &gt; shows help with --help flag" classname="packages/genui/cli/test/a2ui-generate.test.ts" time="0.001">
    </testcase>
    <testcase name="genui a2ui generate catalog &gt; throws when no source files found" classname="packages/genui/cli/test/a2ui-generate.test.ts" time="0.518">
    </testcase>
    <testcase name="genui a2ui generate prompt &gt; shows help with --help flag" classname="packages/genui/cli/test/a2ui-generate.test.ts" time="0.001">
    </testcase>
    <testcase name="genui a2ui generate prompt &gt; generates prompt to stdout with built-in catalog" classname="packages/genui/cli/test/a2ui-generate.test.ts" time="0.004">
    </testcase>
    <testcase name="genui a2ui generate prompt &gt; generates prompt to file with --out" classname="packages/genui/cli/test/a2ui-generate.test.ts" time="0.002">
    </testcase>
    <testcase name="genui a2ui generate prompt &gt; accepts --appendix option" classname="packages/genui/cli/test/a2ui-generate.test.ts" time="0.002">
    </testcase>
    <testcase name="genui a2ui generate prompt &gt; throws with empty catalog directory" classname="packages/genui/cli/test/a2ui-generate.test.ts" time="0.001">
    </testcase>
  </testsuite>
  <testsuite name="packages/rspeedy/plugin-config/test/cases.test.ts" tests="3" failures="0" errors="0" skipped="0" time="0.35700000000000004" timestamp="2026-06-10T23:13:11.640Z">
    <testcase name="config &gt; configCases-cases/basic/compile-options &gt; should pass" classname="packages/rspeedy/plugin-config/test/cases.test.ts" time="0.256">
    </testcase>
    <testcase name="config &gt; configCases-cases/basic/override &gt; should pass" classname="packages/rspeedy/plugin-config/test/cases.test.ts" time="0.021">
    </testcase>
    <testcase name="config &gt; configCases-cases/basic/unknown-config &gt; should pass" classname="packages/rspeedy/plugin-config/test/cases.test.ts" time="0.08">
    </testcase>
  </testsuite>
  <testsuite name="packages/rspeedy/plugin-config/test/pluginLynxConfig.test.ts" tests="4" failures="0" errors="0" skipped="0" time="0.12700000000000003" timestamp="2026-06-10T23:13:11.640Z">
    <testcase name="pluginLynxConfig &gt; should throw error when no LynxTemplatePlugin exposed" classname="packages/rspeedy/plugin-config/test/pluginLynxConfig.test.ts" time="0.101">
    </testcase>
    <testcase name="pluginLynxConfig &gt; should throw error when lynx:react plugin exists" classname="packages/rspeedy/plugin-config/test/pluginLynxConfig.test.ts" time="0.008">
    </testcase>
    <testcase name="pluginLynxConfig &gt; should throw error when lynx:vue plugin exists" classname="packages/rspeedy/plugin-config/test/pluginLynxConfig.test.ts" time="0.007">
    </testcase>
    <testcase name="pluginLynxConfig &gt; should have LynxTemplatePlugin passed to LynxConfigWebpackPlugin" classname="packages/rspeedy/plugin-config/test/pluginLynxConfig.test.ts" time="0.011">
    </testcase>
  </testsuite>
  <testsuite name="packages/rspeedy/plugin-config/test/validate.test.ts" tests="11" failures="0" errors="0" skipped="0" time="0.011000000000000003" timestamp="2026-06-10T23:13:11.640Z">
    <testcase name="validate &gt; compile options &gt; multiple errors" classname="packages/rspeedy/plugin-config/test/validate.test.ts" time="0.008">
    </testcase>
    <testcase name="validate &gt; compile options &gt; debugInfoOutside" classname="packages/rspeedy/plugin-config/test/validate.test.ts" time="0">
    </testcase>
    <testcase name="validate &gt; compile options &gt; defaultDisplayLinear" classname="packages/rspeedy/plugin-config/test/validate.test.ts" time="0">
    </testcase>
    <testcase name="validate &gt; compile options &gt; defaultOverflowVisible" classname="packages/rspeedy/plugin-config/test/validate.test.ts" time="0">
    </testcase>
    <testcase name="validate &gt; compile options &gt; enableCSSInvalidation" classname="packages/rspeedy/plugin-config/test/validate.test.ts" time="0">
    </testcase>
    <testcase name="validate &gt; compile options &gt; enableCSSSelector" classname="packages/rspeedy/plugin-config/test/validate.test.ts" time="0.001">
    </testcase>
    <testcase name="validate &gt; compile options &gt; enableRemoveCSSScope" classname="packages/rspeedy/plugin-config/test/validate.test.ts" time="0">
    </testcase>
    <testcase name="validate &gt; compile options &gt; targetSdkVersion" classname="packages/rspeedy/plugin-config/test/validate.test.ts" time="0.001">
    </testcase>
    <testcase name="validate &gt; invalid config &gt; customCSSInheritanceList" classname="packages/rspeedy/plugin-config/test/validate.test.ts" time="0">
    </testcase>
    <testcase name="validate &gt; unknown config" classname="packages/rspeedy/plugin-config/test/validate.test.ts" time="0.001">
    </testcase>
    <testcase name="validate &gt; known config" classname="packages/rspeedy/plugin-config/test/validate.test.ts" time="0">
    </testcase>
  </testsuite>
  <testsuite name="packages/webpack/chunk-loading-webpack-plugin/test/describe.test.ts" tests="6" failures="0" errors="0" skipped="0" time="0.315" timestamp="2026-06-10T23:13:11.640Z">
    <testcase name="chunk-loading &gt; chunk-loadingCases-cases/chunk-loading/development &gt; should pass" classname="packages/webpack/chunk-loading-webpack-plugin/test/describe.test.ts" time="0.064">
    </testcase>
    <testcase name="chunk-loading &gt; chunk-loadingCases-cases/chunk-loading/ensure-chunk-shortcut &gt; should pass" classname="packages/webpack/chunk-loading-webpack-plugin/test/describe.test.ts" time="0.013">
    </testcase>
    <testcase name="chunk-loading &gt; chunk-loadingCases-cases/chunk-loading/production &gt; should pass" classname="packages/webpack/chunk-loading-webpack-plugin/test/describe.test.ts" time="0.022">
    </testcase>
    <testcase name="chunk-loading &gt; chunk-loadingCases-cases/chunk-loading/runtime-globals &gt; should pass" classname="packages/webpack/chunk-loading-webpack-plugin/test/describe.test.ts" time="0.026">
    </testcase>
    <testcase name="chunk-loading &gt; chunk-loadingCases-cases/css/development &gt; should pass" classname="packages/webpack/chunk-loading-webpack-plugin/test/describe.test.ts" time="0.146">
    </testcase>
    <testcase name="chunk-loading &gt; chunk-loadingCases-cases/css/initial &gt; should pass" classname="packages/webpack/chunk-loading-webpack-plugin/test/describe.test.ts" time="0.044">
    </testcase>
  </testsuite>
  <testsuite name="packages/webpack/cache-events-webpack-plugin/test/LynxCacheEventsSetupListRuntimeModule.test.ts" tests="3" failures="0" errors="0" skipped="0" time="0.07" timestamp="2026-06-10T23:13:11.640Z">
    <testcase name="LynxCacheEventsSetupListRuntimeModule &gt; caches and replays tt method calls" classname="packages/webpack/cache-events-webpack-plugin/test/LynxCacheEventsSetupListRuntimeModule.test.ts" time="0.068">
    </testcase>
    <testcase name="LynxCacheEventsSetupListRuntimeModule &gt; caches and replays performance events" classname="packages/webpack/cache-events-webpack-plugin/test/LynxCacheEventsSetupListRuntimeModule.test.ts" time="0.001">
    </testcase>
    <testcase name="LynxCacheEventsSetupListRuntimeModule &gt; caches and replays globalThis.loadDynamicComponent calls" classname="packages/webpack/cache-events-webpack-plugin/test/LynxCacheEventsSetupListRuntimeModule.test.ts" time="0.001">
    </testcase>
  </testsuite>
  <testsuite name="packages/webpack/cache-events-webpack-plugin/test/cases.test.ts" tests="4" failures="0" errors="0" skipped="0" time="0.131" timestamp="2026-06-10T23:13:11.640Z">
    <testcase name="cache-events &gt; cache-eventsCases-cases/cache-events/chunk-splitting &gt; should pass" classname="packages/webpack/cache-events-webpack-plugin/test/cases.test.ts" time="0.075">
    </testcase>
    <testcase name="cache-events &gt; cache-eventsCases-cases/cache-events/chunk-splitting-with-setupListTransformer &gt; should pass" classname="packages/webpack/cache-events-webpack-plugin/test/cases.test.ts" time="0.018">
    </testcase>
    <testcase name="cache-events &gt; cache-eventsCases-cases/cache-events/not-splitting &gt; should pass" classname="packages/webpack/cache-events-webpack-plugin/test/cases.test.ts" time="0.015">
    </testcase>
    <testcase name="cache-events &gt; cache-eventsCases-cases/not-cache-events/lazy-bundle &gt; should pass" classname="packages/webpack/cache-events-webpack-plugin/test/cases.test.ts" time="0.023">
    </testcase>
  </testsuite>
  <testsuite name="packages/webpack/css-extract-webpack-plugin/test/Hot.test.js" tests="10" failures="0" errors="0" skipped="0" time="2.2319999999999998" timestamp="2026-06-10T23:13:11.640Z">
    <testcase name="css-extract &gt; css-extractCases-hotCases/css/basic &gt; should pass" classname="packages/webpack/css-extract-webpack-plugin/test/Hot.test.js" time="0.788">
    </testcase>
    <testcase name="css-extract &gt; css-extractCases-hotCases/css/enable-css-selector &gt; should pass" classname="packages/webpack/css-extract-webpack-plugin/test/Hot.test.js" time="0.176">
    </testcase>
    <testcase name="css-extract &gt; css-extractCases-hotCases/css/scoped &gt; should pass" classname="packages/webpack/css-extract-webpack-plugin/test/Hot.test.js" time="0.162">
    </testcase>
    <testcase name="css-extract &gt; css-extractCases-hotCases/hot-update-json/bundle-splitting &gt; should pass" classname="packages/webpack/css-extract-webpack-plugin/test/Hot.test.js" time="0.07">
    </testcase>
    <testcase name="css-extract &gt; css-extractCases-hotCases/hot-update-json/chunk-splitting &gt; should pass" classname="packages/webpack/css-extract-webpack-plugin/test/Hot.test.js" time="0.18">
    </testcase>
    <testcase name="css-extract &gt; css-extractCases-hotCases/hot-update-json/default &gt; should pass" classname="packages/webpack/css-extract-webpack-plugin/test/Hot.test.js" time="0.149">
    </testcase>
    <testcase name="css-extract &gt; css-extractCases-hotCases/hot-update-json/filename &gt; should pass" classname="packages/webpack/css-extract-webpack-plugin/test/Hot.test.js" time="0.171">
    </testcase>
    <testcase name="css-extract &gt; css-extractCases-hotCases/hot-update-json/nested &gt; should pass" classname="packages/webpack/css-extract-webpack-plugin/test/Hot.test.js" time="0.182">
    </testcase>
    <testcase name="css-extract &gt; css-extractCases-hotCases/modules/basic &gt; should pass" classname="packages/webpack/css-extract-webpack-plugin/test/Hot.test.js" time="0.172">
    </testcase>
    <testcase name="css-extract &gt; css-extractCases-hotCases/modules/export-default &gt; should pass" classname="packages/webpack/css-extract-webpack-plugin/test/Hot.test.js" time="0.182">
    </testcase>
  </testsuite>
  <testsuite name="packages/webpack/css-extract-webpack-plugin/test/HotSnapshot.test.ts" tests="10" failures="0" errors="0" skipped="0" time="2.39" timestamp="2026-06-10T23:13:11.640Z">
    <testcase name="hot-snapshot &gt; hot-snapshotCases-hotCases/css/basic &gt; should pass" classname="packages/webpack/css-extract-webpack-plugin/test/HotSnapshot.test.ts" time="0.77">
    </testcase>
    <testcase name="hot-snapshot &gt; hot-snapshotCases-hotCases/css/enable-css-selector &gt; should pass" classname="packages/webpack/css-extract-webpack-plugin/test/HotSnapshot.test.ts" time="0.162">
    </testcase>
    <testcase name="hot-snapshot &gt; hot-snapshotCases-hotCases/css/scoped &gt; should pass" classname="packages/webpack/css-extract-webpack-plugin/test/HotSnapshot.test.ts" time="0.202">
    </testcase>
    <testcase name="hot-snapshot &gt; hot-snapshotCases-hotCases/hot-update-json/bundle-splitting &gt; should pass" classname="packages/webpack/css-extract-webpack-plugin/test/HotSnapshot.test.ts" time="0.038">
    </testcase>
    <testcase name="hot-snapshot &gt; hot-snapshotCases-hotCases/hot-update-json/chunk-splitting &gt; should pass" classname="packages/webpack/css-extract-webpack-plugin/test/HotSnapshot.test.ts" time="0.223">
    </testcase>
    <testcase name="hot-snapshot &gt; hot-snapshotCases-hotCases/hot-update-json/default &gt; should pass" classname="packages/webpack/css-extract-webpack-plugin/test/HotSnapshot.test.ts" time="0.168">
    </testcase>
    <testcase name="hot-snapshot &gt; hot-snapshotCases-hotCases/hot-update-json/filename &gt; should pass" classname="packages/webpack/css-extract-webpack-plugin/test/HotSnapshot.test.ts" time="0.196">
    </testcase>
    <testcase name="hot-snapshot &gt; hot-snapshotCases-hotCases/hot-update-json/nested &gt; should pass" classname="packages/webpack/css-extract-webpack-plugin/test/HotSnapshot.test.ts" time="0.168">
    </testcase>
    <testcase name="hot-snapshot &gt; hot-snapshotCases-hotCases/modules/basic &gt; should pass" classname="packages/webpack/css-extract-webpack-plugin/test/HotSnapshot.test.ts" time="0.21">
    </testcase>
    <testcase name="hot-snapshot &gt; hot-snapshotCases-hotCases/modules/export-default &gt; should pass" classname="packages/webpack/css-extract-webpack-plugin/test/HotSnapshot.test.ts" time="0.253">
    </testcase>
  </testsuite>
  <testsuite name="packages/webpack/css-extract-webpack-plugin/test/cases.test.ts" tests="11" failures="0" errors="0" skipped="0" time="0.4260000000000001" timestamp="2026-06-10T23:13:11.640Z">
    <testcase name="css-extract &gt; css-extractCases-fixtures/esm/css-id-module-concatenation &gt; should pass" classname="packages/webpack/css-extract-webpack-plugin/test/cases.test.ts" time="0.304">
    </testcase>
    <testcase name="css-extract &gt; css-extractCases-fixtures/esm/css-id-module-concatenation-modules &gt; should pass" classname="packages/webpack/css-extract-webpack-plugin/test/cases.test.ts" time="0.027">
    </testcase>
    <testcase name="css-extract &gt; css-extractCases-fixtures/esm/module-concatenation &gt; should pass" classname="packages/webpack/css-extract-webpack-plugin/test/cases.test.ts" time="0.017">
    </testcase>
    <testcase name="css-extract &gt; css-extractCases-fixtures/esm/module-concatenation-modules &gt; should pass" classname="packages/webpack/css-extract-webpack-plugin/test/cases.test.ts" time="0.015">
    </testcase>
    <testcase name="css-extract &gt; css-extractCases-fixtures/modules/css-id-export-only-locals &gt; should pass" classname="packages/webpack/css-extract-webpack-plugin/test/cases.test.ts" time="0.008">
    </testcase>
    <testcase name="css-extract &gt; css-extractCases-fixtures/modules/css-id-named-export &gt; should pass" classname="packages/webpack/css-extract-webpack-plugin/test/cases.test.ts" time="0.009">
    </testcase>
    <testcase name="css-extract &gt; css-extractCases-fixtures/modules/export-only-locals &gt; should pass" classname="packages/webpack/css-extract-webpack-plugin/test/cases.test.ts" time="0.008">
    </testcase>
    <testcase name="css-extract &gt; css-extractCases-fixtures/modules/named-export &gt; should pass" classname="packages/webpack/css-extract-webpack-plugin/test/cases.test.ts" time="0.01">
    </testcase>
    <testcase name="css-extract &gt; css-extractCases-fixtures/modules/named-export-as-is &gt; should pass" classname="packages/webpack/css-extract-webpack-plugin/test/cases.test.ts" time="0.011">
    </testcase>
    <testcase name="css-extract &gt; css-extractCases-fixtures/side-effects/css-id-side-effects &gt; should pass" classname="packages/webpack/css-extract-webpack-plugin/test/cases.test.ts" time="0.008">
    </testcase>
    <testcase name="css-extract &gt; css-extractCases-fixtures/side-effects/css-id-side-effects-common &gt; should pass" classname="packages/webpack/css-extract-webpack-plugin/test/cases.test.ts" time="0.009">
    </testcase>
  </testsuite>
  <testsuite name="packages/webpack/css-extract-webpack-plugin/test/diagnostic.test.ts" tests="1" failures="0" errors="0" skipped="0" time="0.74" timestamp="2026-06-10T23:13:11.640Z">
    <testcase name="css-extract &gt; css-extractCases-diagnostic/error/sass &gt; should pass" classname="packages/webpack/css-extract-webpack-plugin/test/diagnostic.test.ts" time="0.74">
    </testcase>
  </testsuite>
  <testsuite name="packages/webpack/css-extract-webpack-plugin/test/loader.test.ts" tests="2" failures="0" errors="0" skipped="0" time="0.001" timestamp="2026-06-10T23:13:11.640Z">
    <testcase name="loader &gt; offsets generated source map lines when cssId wraps CSS content" classname="packages/webpack/css-extract-webpack-plugin/test/loader.test.ts" time="0.001">
    </testcase>
    <testcase name="loader &gt; keeps empty source maps unchanged" classname="packages/webpack/css-extract-webpack-plugin/test/loader.test.ts" time="0">
    </testcase>
  </testsuite>
  <testsuite name="packages/webpack/css-extract-webpack-plugin/test/path.test.ts" tests="1" failures="0" errors="0" skipped="0" time="0.001" timestamp="2026-06-10T23:13:11.640Z">
    <testcase name="path &gt; extractPathFromIdentifier" classname="packages/webpack/css-extract-webpack-plugin/test/path.test.ts" time="0.001">
    </testcase>
  </testsuite>
  <testsuite name="packages/webpack/css-extract-webpack-plugin/test/rspackCases.test.ts" tests="9" failures="0" errors="0" skipped="0" time="0.6040000000000001" timestamp="2026-06-10T23:13:11.640Z">
    <testcase name="Rspack TestCases &gt; asset-modules should compile to the expected result" classname="packages/webpack/css-extract-webpack-plugin/test/rspackCases.test.ts" time="0.247">
    </testcase>
    <testcase name="Rspack TestCases &gt; at-import should compile to the expected result" classname="packages/webpack/css-extract-webpack-plugin/test/rspackCases.test.ts" time="0.093">
    </testcase>
    <testcase name="Rspack TestCases &gt; at-import-in-the-entry should compile to the expected result" classname="packages/webpack/css-extract-webpack-plugin/test/rspackCases.test.ts" time="0.024">
    </testcase>
    <testcase name="Rspack TestCases &gt; base-uri should compile to the expected result" classname="packages/webpack/css-extract-webpack-plugin/test/rspackCases.test.ts" time="0.028">
    </testcase>
    <testcase name="Rspack TestCases &gt; base-uri-in-entry should compile to the expected result" classname="packages/webpack/css-extract-webpack-plugin/test/rspackCases.test.ts" time="0.035">
    </testcase>
    <testcase name="Rspack TestCases &gt; css-id-asset-modules should compile to the expected result" classname="packages/webpack/css-extract-webpack-plugin/test/rspackCases.test.ts" time="0.041">
    </testcase>
    <testcase name="Rspack TestCases &gt; css-id-at-import should compile to the expected result" classname="packages/webpack/css-extract-webpack-plugin/test/rspackCases.test.ts" time="0.042">
    </testcase>
    <testcase name="Rspack TestCases &gt; hmr should compile to the expected result" classname="packages/webpack/css-extract-webpack-plugin/test/rspackCases.test.ts" time="0.048">
    </testcase>
    <testcase name="Rspack TestCases &gt; hmr-locals should compile to the expected result" classname="packages/webpack/css-extract-webpack-plugin/test/rspackCases.test.ts" time="0.046">
    </testcase>
  </testsuite>
  <testsuite name="packages/webpack/css-extract-webpack-plugin/test/runtime.test.ts" tests="6" failures="0" errors="0" skipped="0" time="0.011000000000000003" timestamp="2026-06-10T23:13:11.640Z">
    <testcase name="HMR Runtime &gt; cssFileName not provided" classname="packages/webpack/css-extract-webpack-plugin/test/runtime.test.ts" time="0.007">
    </testcase>
    <testcase name="HMR Runtime &gt; cssFileName" classname="packages/webpack/css-extract-webpack-plugin/test/runtime.test.ts" time="0.002">
    </testcase>
    <testcase name="HMR Runtime &gt; update" classname="packages/webpack/css-extract-webpack-plugin/test/runtime.test.ts" time="0.001">
    </testcase>
    <testcase name="HMR Runtime &gt; update without cssId" classname="packages/webpack/css-extract-webpack-plugin/test/runtime.test.ts" time="0">
    </testcase>
    <testcase name="HMR Runtime &gt; update with publicPath" classname="packages/webpack/css-extract-webpack-plugin/test/runtime.test.ts" time="0.001">
    </testcase>
    <testcase name="HMR Runtime &gt; update lazy bundle" classname="packages/webpack/css-extract-webpack-plugin/test/runtime.test.ts" time="0">
    </testcase>
  </testsuite>
  <testsuite name="packages/webpack/css-extract-webpack-plugin/test/webpackCases.test.ts" tests="9" failures="0" errors="0" skipped="0" time="1.776" timestamp="2026-06-10T23:13:11.640Z">
    <testcase name="Webpack TestCases &gt; asset-modules should compile to the expected result" classname="packages/webpack/css-extract-webpack-plugin/test/webpackCases.test.ts" time="1.319">
    </testcase>
    <testcase name="Webpack TestCases &gt; at-import should compile to the expected result" classname="packages/webpack/css-extract-webpack-plugin/test/webpackCases.test.ts" time="0.05">
    </testcase>
    <testcase name="Webpack TestCases &gt; at-import-in-the-entry should compile to the expected result" classname="packages/webpack/css-extract-webpack-plugin/test/webpackCases.test.ts" time="0.034">
    </testcase>
    <testcase name="Webpack TestCases &gt; base-uri should compile to the expected result" classname="packages/webpack/css-extract-webpack-plugin/test/webpackCases.test.ts" time="0.06">
    </testcase>
    <testcase name="Webpack TestCases &gt; base-uri-in-entry should compile to the expected result" classname="packages/webpack/css-extract-webpack-plugin/test/webpackCases.test.ts" time="0.057">
    </testcase>
    <testcase name="Webpack TestCases &gt; css-id-asset-modules should compile to the expected result" classname="packages/webpack/css-extract-webpack-plugin/test/webpackCases.test.ts" time="0.1">
    </testcase>
    <testcase name="Webpack TestCases &gt; css-id-at-import should compile to the expected result" classname="packages/webpack/css-extract-webpack-plugin/test/webpackCases.test.ts" time="0.081">
    </testcase>
    <testcase name="Webpack TestCases &gt; hmr should compile to the expected result" classname="packages/webpack/css-extract-webpack-plugin/test/webpackCases.test.ts" time="0.044">
    </testcase>
    <testcase name="Webpack TestCases &gt; hmr-locals should compile to the expected result" classname="packages/webpack/css-extract-webpack-plugin/test/webpackCases.test.ts" time="0.031">
    </testcase>
  </testsuite>
  <testsuite name="packages/webpack/externals-loading-webpack-plugin/test/cases.test.ts" tests="11" failures="0" errors="0" skipped="0" time="0.323" timestamp="2026-06-10T23:13:11.640Z">
    <testcase name="externals-loading &gt; externals-loadingCases-cases/externals-loading/async &gt; should pass" classname="packages/webpack/externals-loading-webpack-plugin/test/cases.test.ts" time="0.052">
    </testcase>
    <testcase name="externals-loading &gt; externals-loadingCases-cases/externals-loading/filter-duplicate-externals &gt; should pass" classname="packages/webpack/externals-loading-webpack-plugin/test/cases.test.ts" time="0.022">
    </testcase>
    <testcase name="externals-loading &gt; externals-loadingCases-cases/externals-loading/globalObject-customize &gt; should pass" classname="packages/webpack/externals-loading-webpack-plugin/test/cases.test.ts" time="0.024">
    </testcase>
    <testcase name="externals-loading &gt; externals-loadingCases-cases/externals-loading/merge-fetchBundle-calls &gt; should pass" classname="packages/webpack/externals-loading-webpack-plugin/test/cases.test.ts" time="0.02">
    </testcase>
    <testcase name="externals-loading &gt; externals-loadingCases-cases/externals-loading/merge-loadscript-calls &gt; should pass" classname="packages/webpack/externals-loading-webpack-plugin/test/cases.test.ts" time="0.015">
    </testcase>
    <testcase name="externals-loading &gt; externals-loadingCases-cases/externals-loading/not-overrides-existed-externals &gt; should pass" classname="packages/webpack/externals-loading-webpack-plugin/test/cases.test.ts" time="0.012">
    </testcase>
    <testcase name="externals-loading &gt; externals-loadingCases-cases/externals-loading/only-background-externals &gt; should pass" classname="packages/webpack/externals-loading-webpack-plugin/test/cases.test.ts" time="0.024">
    </testcase>
    <testcase name="externals-loading &gt; externals-loadingCases-cases/externals-loading/only-main-thread-externals &gt; should pass" classname="packages/webpack/externals-loading-webpack-plugin/test/cases.test.ts" time="0.071">
    </testcase>
    <testcase name="externals-loading &gt; externals-loadingCases-cases/externals-loading/retries &gt; should pass" classname="packages/webpack/externals-loading-webpack-plugin/test/cases.test.ts" time="0.039">
    </testcase>
    <testcase name="externals-loading &gt; externals-loadingCases-cases/externals-loading/retries-shared-bundle &gt; should pass" classname="packages/webpack/externals-loading-webpack-plugin/test/cases.test.ts" time="0.029">
    </testcase>
    <testcase name="externals-loading &gt; externals-loadingCases-cases/externals-loading/sync &gt; should pass" classname="packages/webpack/externals-loading-webpack-plugin/test/cases.test.ts" time="0.015">
    </testcase>
  </testsuite>
  <testsuite name="packages/webpack/react-refresh-webpack-plugin/test/Hot.test.js" tests="5" failures="0" errors="0" skipped="0" time="2.1959999999999997" timestamp="2026-06-10T23:13:11.640Z">
    <testcase name="react-refresh &gt; react-refreshCases-hotCases/hook/useContext &gt; should pass" classname="packages/webpack/react-refresh-webpack-plugin/test/Hot.test.js" time="0.85">
    </testcase>
    <testcase name="react-refresh &gt; react-refreshCases-hotCases/hook/useState &gt; should pass" classname="packages/webpack/react-refresh-webpack-plugin/test/Hot.test.js" time="0.425">
    </testcase>
    <testcase name="react-refresh &gt; react-refreshCases-hotCases/jsx/basic &gt; should pass" classname="packages/webpack/react-refresh-webpack-plugin/test/Hot.test.js" time="0.358">
    </testcase>
    <testcase name="react-refresh &gt; react-refreshCases-hotCases/jsx/recovery &gt; should pass" classname="packages/webpack/react-refresh-webpack-plugin/test/Hot.test.js" time="0.321">
    </testcase>
    <testcase name="react-refresh &gt; react-refreshCases-hotCases/jsx/value &gt; should pass" classname="packages/webpack/react-refresh-webpack-plugin/test/Hot.test.js" time="0.242">
    </testcase>
  </testsuite>
  <testsuite name="packages/webpack/react-refresh-webpack-plugin/test/HotSnapshot.test.js" tests="5" failures="0" errors="0" skipped="0" time="2.3" timestamp="2026-06-10T23:13:11.640Z">
    <testcase name="hot-snapshot &gt; hot-snapshotCases-hotCases/hook/useContext &gt; should pass" classname="packages/webpack/react-refresh-webpack-plugin/test/HotSnapshot.test.js" time="0.884">
    </testcase>
    <testcase name="hot-snapshot &gt; hot-snapshotCases-hotCases/hook/useState &gt; should pass" classname="packages/webpack/react-refresh-webpack-plugin/test/HotSnapshot.test.js" time="0.489">
    </testcase>
    <testcase name="hot-snapshot &gt; hot-snapshotCases-hotCases/jsx/basic &gt; should pass" classname="packages/webpack/react-refresh-webpack-plugin/test/HotSnapshot.test.js" time="0.457">
    </testcase>
    <testcase name="hot-snapshot &gt; hot-snapshotCases-hotCases/jsx/recovery &gt; should pass" classname="packages/webpack/react-refresh-webpack-plugin/test/HotSnapshot.test.js" time="0.186">
    </testcase>
    <testcase name="hot-snapshot &gt; hot-snapshotCases-hotCases/jsx/value &gt; should pass" classname="packages/webpack/react-refresh-webpack-plugin/test/HotSnapshot.test.js" time="0.284">
    </testcase>
  </testsuite>
  <testsuite name="packages/webpack/react-refresh-webpack-plugin/test/intercept.test.ts" tests="2" failures="0" errors="0" skipped="0" time="0.013000000000000001" timestamp="2026-06-10T23:13:11.640Z">
    <testcase name="ReactRefresh plugins &gt; ReactRefreshWebpackPlugin intercept code generation in dev" classname="packages/webpack/react-refresh-webpack-plugin/test/intercept.test.ts" time="0.01">
    </testcase>
    <testcase name="ReactRefresh plugins &gt; ReactRefreshRspackPlugin intercept code generation in dev" classname="packages/webpack/react-refresh-webpack-plugin/test/intercept.test.ts" time="0.003">
    </testcase>
  </testsuite>
  <testsuite name="packages/webpack/react-webpack-plugin/test/ReactWebpackPlugin.test.ts" tests="5" failures="0" errors="0" skipped="0" time="0" timestamp="2026-06-10T23:13:11.640Z">
    <testcase name="collectElementTemplatesFromModule &gt; collects templates from nested modules" classname="packages/webpack/react-webpack-plugin/test/ReactWebpackPlugin.test.ts" time="0">
    </testcase>
    <testcase name="mergeElementTemplate &gt; keeps one entry for duplicate same-id same-content templates" classname="packages/webpack/react-webpack-plugin/test/ReactWebpackPlugin.test.ts" time="0">
    </testcase>
    <testcase name="mergeElementTemplate &gt; throws when duplicate same-id templates have different content" classname="packages/webpack/react-webpack-plugin/test/ReactWebpackPlugin.test.ts" time="0">
    </testcase>
    <testcase name="mergeElementTemplatesFromModule &gt; merges duplicate same-id same-content templates collected from nested module buildInfo" classname="packages/webpack/react-webpack-plugin/test/ReactWebpackPlugin.test.ts" time="0">
    </testcase>
    <testcase name="mergeElementTemplatesFromModule &gt; throws when collected nested module buildInfo has same-id different-content templates" classname="packages/webpack/react-webpack-plugin/test/ReactWebpackPlugin.test.ts" time="0">
    </testcase>
  </testsuite>
  <testsuite name="packages/webpack/react-webpack-plugin/test/background-loader.test.ts" tests="1" failures="0" errors="0" skipped="0" time="0.076" timestamp="2026-06-10T23:13:11.640Z">
    <testcase name="background loader &gt; compiles ET background output to Preact JSX with multi-slot template ids" classname="packages/webpack/react-webpack-plugin/test/background-loader.test.ts" time="0.076">
    </testcase>
  </testsuite>
  <testsuite name="packages/webpack/react-webpack-plugin/test/cases.test.ts" tests="55" failures="0" errors="0" skipped="0" time="5.428999999999999" timestamp="2026-06-10T23:13:11.640Z">
    <testcase name="react &gt; reactCases-cases/basic/bundle-splitting &gt; should pass" classname="packages/webpack/react-webpack-plugin/test/cases.test.ts" time="0.248">
    </testcase>
    <testcase name="react &gt; reactCases-cases/basic/export-default-abstract &gt; should pass" classname="packages/webpack/react-webpack-plugin/test/cases.test.ts" time="0.014">
    </testcase>
    <testcase name="react &gt; reactCases-cases/basic/hello-world &gt; should pass" classname="packages/webpack/react-webpack-plugin/test/cases.test.ts" time="0.15">
    </testcase>
    <testcase name="react &gt; reactCases-cases/basic/lazy-imports &gt; should pass" classname="packages/webpack/react-webpack-plugin/test/cases.test.ts" time="0.01">
    </testcase>
    <testcase name="react &gt; reactCases-cases/basic/mpa &gt; should pass" classname="packages/webpack/react-webpack-plugin/test/cases.test.ts" time="0.024">
    </testcase>
    <testcase name="react &gt; reactCases-cases/basic/public-path &gt; should pass" classname="packages/webpack/react-webpack-plugin/test/cases.test.ts" time="0.02">
    </testcase>
    <testcase name="react &gt; reactCases-cases/basic/swc-syntax-config &gt; should pass" classname="packages/webpack/react-webpack-plugin/test/cases.test.ts" time="0.017">
    </testcase>
    <testcase name="react &gt; reactCases-cases/code-splitting/amd-runtime &gt; should pass" classname="packages/webpack/react-webpack-plugin/test/cases.test.ts" time="0.278">
    </testcase>
    <testcase name="react &gt; reactCases-cases/code-splitting/amd-runtime-lazy-bundle-production &gt; should pass" classname="packages/webpack/react-webpack-plugin/test/cases.test.ts" time="0.273">
    </testcase>
    <testcase name="react &gt; reactCases-cases/code-splitting/amd-runtime-production &gt; should pass" classname="packages/webpack/react-webpack-plugin/test/cases.test.ts" time="0.382">
    </testcase>
    <testcase name="react &gt; reactCases-cases/code-splitting/amd-runtime-with-source-map &gt; should pass" classname="packages/webpack/react-webpack-plugin/test/cases.test.ts" time="0.273">
    </testcase>
    <testcase name="react &gt; reactCases-cases/code-splitting/async-chunk-groups &gt; should pass" classname="packages/webpack/react-webpack-plugin/test/cases.test.ts" time="0.018">
    </testcase>
    <testcase name="react &gt; reactCases-cases/code-splitting/async-chunk-name &gt; should pass" classname="packages/webpack/react-webpack-plugin/test/cases.test.ts" time="0.215">
    </testcase>
    <testcase name="react &gt; reactCases-cases/code-splitting/background-only &gt; should pass" classname="packages/webpack/react-webpack-plugin/test/cases.test.ts" time="0.244">
    </testcase>
    <testcase name="react &gt; reactCases-cases/code-splitting/basic &gt; should pass" classname="packages/webpack/react-webpack-plugin/test/cases.test.ts" time="0.19">
    </testcase>
    <testcase name="react &gt; reactCases-cases/code-splitting/chunk-filename &gt; should pass" classname="packages/webpack/react-webpack-plugin/test/cases.test.ts" time="0.103">
    </testcase>
    <testcase name="react &gt; reactCases-cases/code-splitting/context &gt; should pass" classname="packages/webpack/react-webpack-plugin/test/cases.test.ts" time="0.009">
    </testcase>
    <testcase name="react &gt; reactCases-cases/code-splitting/eval-result &gt; should pass" classname="packages/webpack/react-webpack-plugin/test/cases.test.ts" time="0.085">
    </testcase>
    <testcase name="react &gt; reactCases-cases/code-splitting/lazy-imports &gt; should pass" classname="packages/webpack/react-webpack-plugin/test/cases.test.ts" time="0.093">
    </testcase>
    <testcase name="react &gt; reactCases-cases/code-splitting/load-lazy-bundle &gt; should pass" classname="packages/webpack/react-webpack-plugin/test/cases.test.ts" time="0.117">
    </testcase>
    <testcase name="react &gt; reactCases-cases/code-splitting/recursive &gt; should pass" classname="packages/webpack/react-webpack-plugin/test/cases.test.ts" time="0.089">
    </testcase>
    <testcase name="react &gt; reactCases-cases/code-splitting/with-static &gt; should pass" classname="packages/webpack/react-webpack-plugin/test/cases.test.ts" time="0.128">
    </testcase>
    <testcase name="react &gt; reactCases-cases/compat/component-is &gt; should pass" classname="packages/webpack/react-webpack-plugin/test/cases.test.ts" time="0.093">
    </testcase>
    <testcase name="react &gt; reactCases-cases/compat/component-pkg &gt; should pass" classname="packages/webpack/react-webpack-plugin/test/cases.test.ts" time="0.083">
    </testcase>
    <testcase name="react &gt; reactCases-cases/compat/run-in-js &gt; should pass" classname="packages/webpack/react-webpack-plugin/test/cases.test.ts" time="0.015">
    </testcase>
    <testcase name="react &gt; reactCases-cases/css/modules &gt; should pass" classname="packages/webpack/react-webpack-plugin/test/cases.test.ts" time="0.103">
    </testcase>
    <testcase name="react &gt; reactCases-cases/css/modules-remove-scope &gt; should pass" classname="packages/webpack/react-webpack-plugin/test/cases.test.ts" time="0.187">
    </testcase>
    <testcase name="react &gt; reactCases-cases/css/modules-without-jsx &gt; should pass" classname="packages/webpack/react-webpack-plugin/test/cases.test.ts" time="0.011">
    </testcase>
    <testcase name="react &gt; reactCases-cases/define/default &gt; should pass" classname="packages/webpack/react-webpack-plugin/test/cases.test.ts" time="0.005">
    </testcase>
    <testcase name="react &gt; reactCases-cases/define/dev &gt; should pass" classname="packages/webpack/react-webpack-plugin/test/cases.test.ts" time="0.005">
    </testcase>
    <testcase name="react &gt; reactCases-cases/define/dev-true &gt; should pass" classname="packages/webpack/react-webpack-plugin/test/cases.test.ts" time="0.008">
    </testcase>
    <testcase name="react &gt; reactCases-cases/define/disable-create-selector-query &gt; should pass" classname="packages/webpack/react-webpack-plugin/test/cases.test.ts" time="0.105">
    </testcase>
    <testcase name="react &gt; reactCases-cases/define/disable-create-selector-query-false &gt; should pass" classname="packages/webpack/react-webpack-plugin/test/cases.test.ts" time="0.07">
    </testcase>
    <testcase name="react &gt; reactCases-cases/define/extract-str &gt; should pass" classname="packages/webpack/react-webpack-plugin/test/cases.test.ts" time="0.006">
    </testcase>
    <testcase name="react &gt; reactCases-cases/define/global-props-mode-event &gt; should pass" classname="packages/webpack/react-webpack-plugin/test/cases.test.ts" time="0.006">
    </testcase>
    <testcase name="react &gt; reactCases-cases/define/prod-mode-dev-env &gt; should pass" classname="packages/webpack/react-webpack-plugin/test/cases.test.ts" time="0.004">
    </testcase>
    <testcase name="react &gt; reactCases-cases/define/profile &gt; should pass" classname="packages/webpack/react-webpack-plugin/test/cases.test.ts" time="0.092">
    </testcase>
    <testcase name="react &gt; reactCases-cases/define-dce/basic &gt; should pass" classname="packages/webpack/react-webpack-plugin/test/cases.test.ts" time="0.004">
    </testcase>
    <testcase name="react &gt; reactCases-cases/directive-dce/basic &gt; should pass" classname="packages/webpack/react-webpack-plugin/test/cases.test.ts" time="0.084">
    </testcase>
    <testcase name="react &gt; reactCases-cases/element-template/basic &gt; should pass" classname="packages/webpack/react-webpack-plugin/test/cases.test.ts" time="0.257">
    </testcase>
    <testcase name="react &gt; reactCases-cases/element-template/flag &gt; should pass" classname="packages/webpack/react-webpack-plugin/test/cases.test.ts" time="0.01">
    </testcase>
    <testcase name="react &gt; reactCases-cases/enum/basic &gt; should pass" classname="packages/webpack/react-webpack-plugin/test/cases.test.ts" time="0.008">
    </testcase>
    <testcase name="react &gt; reactCases-cases/enum/tree-shake &gt; should pass" classname="packages/webpack/react-webpack-plugin/test/cases.test.ts" time="0.055">
    </testcase>
    <testcase name="react &gt; reactCases-cases/main-thread/code-splitting &gt; should pass" classname="packages/webpack/react-webpack-plugin/test/cases.test.ts" time="0.188">
    </testcase>
    <testcase name="react &gt; reactCases-cases/main-thread/entry &gt; should pass" classname="packages/webpack/react-webpack-plugin/test/cases.test.ts" time="0.006">
    </testcase>
    <testcase name="react &gt; reactCases-cases/main-thread/lazy-bundle-sourcemap &gt; should pass" classname="packages/webpack/react-webpack-plugin/test/cases.test.ts" time="0.266">
    </testcase>
    <testcase name="react &gt; reactCases-cases/main-thread/target-es2019 &gt; should pass" classname="packages/webpack/react-webpack-plugin/test/cases.test.ts" time="0.008">
    </testcase>
    <testcase name="react &gt; reactCases-cases/main-thread/use-effect &gt; should pass" classname="packages/webpack/react-webpack-plugin/test/cases.test.ts" time="0.047">
    </testcase>
    <testcase name="react &gt; reactCases-cases/main-thread/use-imperative-handle &gt; should pass" classname="packages/webpack/react-webpack-plugin/test/cases.test.ts" time="0.085">
    </testcase>
    <testcase name="react &gt; reactCases-cases/source-map/jsx &gt; should pass" classname="packages/webpack/react-webpack-plugin/test/cases.test.ts" time="0.149">
    </testcase>
    <testcase name="react &gt; reactCases-cases/source-map/tsx &gt; should pass" classname="packages/webpack/react-webpack-plugin/test/cases.test.ts" time="0.113">
    </testcase>
    <testcase name="react &gt; reactCases-cases/typescript/type-import &gt; should pass" classname="packages/webpack/react-webpack-plugin/test/cases.test.ts" time="0.007">
    </testcase>
    <testcase name="react &gt; reactCases-cases/webpack-runtime/basic &gt; should pass" classname="packages/webpack/react-webpack-plugin/test/cases.test.ts" time="0.005">
    </testcase>
    <testcase name="react &gt; reactCases-cases/worklet-runtime/chunk &gt; should pass" classname="packages/webpack/react-webpack-plugin/test/cases.test.ts" time="0.189">
    </testcase>
    <testcase name="react &gt; reactCases-cases/worklet-runtime/not-using &gt; should pass" classname="packages/webpack/react-webpack-plugin/test/cases.test.ts" time="0.175">
    </testcase>
  </testsuite>
  <testsuite name="packages/webpack/react-webpack-plugin/test/diagnostic.test.ts" tests="9" failures="0" errors="0" skipped="0" time="0.717" timestamp="2026-06-10T23:13:11.640Z">
    <testcase name="react &gt; reactCases-diagnostic/compat/get-node-ref &gt; should pass" classname="packages/webpack/react-webpack-plugin/test/diagnostic.test.ts" time="0.698">
    </testcase>
    <testcase name="react &gt; reactCases-diagnostic/compat/lynx-key &gt; should pass" classname="packages/webpack/react-webpack-plugin/test/diagnostic.test.ts" time="0">
    </testcase>
    <testcase name="react &gt; reactCases-diagnostic/compat/react-runtime &gt; should pass" classname="packages/webpack/react-webpack-plugin/test/diagnostic.test.ts" time="0">
    </testcase>
    <testcase name="react &gt; reactCases-diagnostic/compat/this-selector-query &gt; should pass" classname="packages/webpack/react-webpack-plugin/test/diagnostic.test.ts" time="0">
    </testcase>
    <testcase name="react &gt; reactCases-diagnostic/compat/utf-8 &gt; should pass" classname="packages/webpack/react-webpack-plugin/test/diagnostic.test.ts" time="0.001">
    </testcase>
    <testcase name="react &gt; reactCases-diagnostic/jsx/component &gt; should pass" classname="packages/webpack/react-webpack-plugin/test/diagnostic.test.ts" time="0.007">
    </testcase>
    <testcase name="react &gt; reactCases-diagnostic/jsx/namespace-name &gt; should pass" classname="packages/webpack/react-webpack-plugin/test/diagnostic.test.ts" time="0.003">
    </testcase>
    <testcase name="react &gt; reactCases-diagnostic/main-thread/error &gt; should pass" classname="packages/webpack/react-webpack-plugin/test/diagnostic.test.ts" time="0.003">
    </testcase>
    <testcase name="react &gt; reactCases-diagnostic/module-build-failed/errors &gt; should pass" classname="packages/webpack/react-webpack-plugin/test/diagnostic.test.ts" time="0.005">
    </testcase>
  </testsuite>
  <testsuite name="packages/webpack/react-webpack-plugin/test/loader-options.test.ts" tests="1" failures="0" errors="0" skipped="0" time="0.002" timestamp="2026-06-10T23:13:11.640Z">
    <testcase name="loader options &gt; uses ET backend with all CSS scoped when enableRemoveCSSScope is false" classname="packages/webpack/react-webpack-plugin/test/loader-options.test.ts" time="0.002">
    </testcase>
  </testsuite>
  <testsuite name="packages/webpack/react-webpack-plugin/test/main-thread-loader.test.ts" tests="1" failures="0" errors="0" skipped="0" time="0.01" timestamp="2026-06-10T23:13:11.640Z">
    <testcase name="main-thread loader &gt; clears stale element-template build info when recompilation stops emitting templates" classname="packages/webpack/react-webpack-plugin/test/main-thread-loader.test.ts" time="0.01">
    </testcase>
  </testsuite>
  <testsuite name="packages/webpack/react-webpack-plugin/test/sourcemap-verify.test.ts" tests="2" failures="0" errors="0" skipped="0" time="1.16" timestamp="2026-06-10T23:13:11.640Z">
    <testcase name="Lazy Bundle Sourcemap Verification &gt; should verify main-thread.js has wrapper and a correctly-shifted sourcemap" classname="packages/webpack/react-webpack-plugin/test/sourcemap-verify.test.ts" time="0.746">
    </testcase>
    <testcase name="Lazy Bundle Sourcemap Verification &gt; should verify non-lazy async main-thread chunks also shift sourcemaps after wrapper injection" classname="packages/webpack/react-webpack-plugin/test/sourcemap-verify.test.ts" time="0.414">
    </testcase>
  </testsuite>
  <testsuite name="packages/webpack/react-webpack-plugin/test/testing-loader.test.ts" tests="6" failures="0" errors="0" skipped="0" time="0.09800000000000002" timestamp="2026-06-10T23:13:11.640Z">
    <testcase name="testing loader &gt; handles partial compat object (missing target) without throwing" classname="packages/webpack/react-webpack-plugin/test/testing-loader.test.ts" time="0.081">
    </testcase>
    <testcase name="testing loader &gt; handles compat: false without throwing" classname="packages/webpack/react-webpack-plugin/test/testing-loader.test.ts" time="0.001">
    </testcase>
    <testcase name="testing loader &gt; handles missing compat (defaults to false) without throwing" classname="packages/webpack/react-webpack-plugin/test/testing-loader.test.ts" time="0.001">
    </testcase>
    <testcase name="testing loader &gt; forwards element-template mode to the transform" classname="packages/webpack/react-webpack-plugin/test/testing-loader.test.ts" time="0.007">
    </testcase>
    <testcase name="testing loader &gt; targets the shared legacy runtime for compat output in element-template mode" classname="packages/webpack/react-webpack-plugin/test/testing-loader.test.ts" time="0.004">
    </testcase>
    <testcase name="testing loader &gt; targets public internal helpers for compat component wrappers in element-template mode" classname="packages/webpack/react-webpack-plugin/test/testing-loader.test.ts" time="0.004">
    </testcase>
  </testsuite>
  <testsuite name="packages/webpack/react-webpack-plugin/test/worklet-runtime.test.ts" tests="2" failures="0" errors="0" skipped="0" time="1.53" timestamp="2026-06-10T23:13:11.640Z">
    <testcase name="worklet-runtime bundler guardrails &gt; should emit the expected worklet chunks for chunk" classname="packages/webpack/react-webpack-plugin/test/worklet-runtime.test.ts" time="1.122">
    </testcase>
    <testcase name="worklet-runtime bundler guardrails &gt; should emit the expected worklet chunks for not-using" classname="packages/webpack/react-webpack-plugin/test/worklet-runtime.test.ts" time="0.408">
    </testcase>
  </testsuite>
  <testsuite name="packages/webpack/runtime-wrapper-webpack-plugin/test/cases.test.js" tests="18" failures="0" errors="0" skipped="0" time="0.2610000000000001" timestamp="2026-06-10T23:13:11.640Z">
    <testcase name="runtime-wrapper &gt; runtime-wrapperCases-cases/chunk-loading/cache &gt; should pass" classname="packages/webpack/runtime-wrapper-webpack-plugin/test/cases.test.js" time="0.053">
    </testcase>
    <testcase name="runtime-wrapper &gt; runtime-wrapperCases-cases/runtime-globals/lynx-chunk-entries &gt; should pass" classname="packages/webpack/runtime-wrapper-webpack-plugin/test/cases.test.js" time="0.01">
    </testcase>
    <testcase name="runtime-wrapper &gt; runtime-wrapperCases-cases/runtime-globals/lynx-chunk-entries-production &gt; should pass" classname="packages/webpack/runtime-wrapper-webpack-plugin/test/cases.test.js" time="0.02">
    </testcase>
    <testcase name="runtime-wrapper &gt; runtime-wrapperCases-cases/source-map/basic &gt; should pass" classname="packages/webpack/runtime-wrapper-webpack-plugin/test/cases.test.js" time="0.031">
    </testcase>
    <testcase name="runtime-wrapper &gt; runtime-wrapperCases-cases/variables/component &gt; should pass" classname="packages/webpack/runtime-wrapper-webpack-plugin/test/cases.test.js" time="0.008">
    </testcase>
    <testcase name="runtime-wrapper &gt; runtime-wrapperCases-cases/variables/default-entry &gt; should pass" classname="packages/webpack/runtime-wrapper-webpack-plugin/test/cases.test.js" time="0.006">
    </testcase>
    <testcase name="runtime-wrapper &gt; runtime-wrapperCases-cases/variables/empty-entry &gt; should pass" classname="packages/webpack/runtime-wrapper-webpack-plugin/test/cases.test.js" time="0.008">
    </testcase>
    <testcase name="runtime-wrapper &gt; runtime-wrapperCases-cases/variables/entry &gt; should pass" classname="packages/webpack/runtime-wrapper-webpack-plugin/test/cases.test.js" time="0.008">
    </testcase>
    <testcase name="runtime-wrapper &gt; runtime-wrapperCases-cases/variables/fetch &gt; should pass" classname="packages/webpack/runtime-wrapper-webpack-plugin/test/cases.test.js" time="0.007">
    </testcase>
    <testcase name="runtime-wrapper &gt; runtime-wrapperCases-cases/variables/iife-false &gt; should pass" classname="packages/webpack/runtime-wrapper-webpack-plugin/test/cases.test.js" time="0.014">
    </testcase>
    <testcase name="runtime-wrapper &gt; runtime-wrapperCases-cases/variables/iife-true &gt; should pass" classname="packages/webpack/runtime-wrapper-webpack-plugin/test/cases.test.js" time="0.013">
    </testcase>
    <testcase name="runtime-wrapper &gt; runtime-wrapperCases-cases/variables/inject-vars &gt; should pass" classname="packages/webpack/runtime-wrapper-webpack-plugin/test/cases.test.js" time="0.006">
    </testcase>
    <testcase name="runtime-wrapper &gt; runtime-wrapperCases-cases/variables/lynx &gt; should pass" classname="packages/webpack/runtime-wrapper-webpack-plugin/test/cases.test.js" time="0.008">
    </testcase>
    <testcase name="runtime-wrapper &gt; runtime-wrapperCases-cases/variables/promise &gt; should pass" classname="packages/webpack/runtime-wrapper-webpack-plugin/test/cases.test.js" time="0.01">
    </testcase>
    <testcase name="runtime-wrapper &gt; runtime-wrapperCases-cases/variables/request-animation-frame &gt; should pass" classname="packages/webpack/runtime-wrapper-webpack-plugin/test/cases.test.js" time="0.01">
    </testcase>
    <testcase name="runtime-wrapper &gt; runtime-wrapperCases-cases/variables/setTimeout &gt; should pass" classname="packages/webpack/runtime-wrapper-webpack-plugin/test/cases.test.js" time="0.013">
    </testcase>
    <testcase name="runtime-wrapper &gt; runtime-wrapperCases-cases/variables/targetSdkVersion &gt; should pass" classname="packages/webpack/runtime-wrapper-webpack-plugin/test/cases.test.js" time="0.028">
    </testcase>
    <testcase name="runtime-wrapper &gt; runtime-wrapperCases-cases/variables/websocket &gt; should pass" classname="packages/webpack/runtime-wrapper-webpack-plugin/test/cases.test.js" time="0.008">
    </testcase>
  </testsuite>
  <testsuite name="packages/webpack/template-webpack-plugin/test/basic.test.ts" tests="5" failures="0" errors="0" skipped="0" time="1.342" timestamp="2026-06-10T23:13:11.640Z">
    <testcase name="LynxTemplatePlugin &gt; build with custom lepus" classname="packages/webpack/template-webpack-plugin/test/basic.test.ts" time="0.893">
    </testcase>
    <testcase name="LynxTemplatePlugin &gt; emits css diagnostics during beforeEmit with current css chunk source maps" classname="packages/webpack/template-webpack-plugin/test/basic.test.ts" time="0.002">
    </testcase>
    <testcase name="LynxTemplatePlugin &gt; maps css diagnostics to the matching source map for each entry" classname="packages/webpack/template-webpack-plugin/test/basic.test.ts" time="0.429">
    </testcase>
    <testcase name="requireModuleAsyncCachePolyfill &gt; Parallel calls with the same moduleUrl will eval twice by default" classname="packages/webpack/template-webpack-plugin/test/basic.test.ts" time="0">
    </testcase>
    <testcase name="requireModuleAsyncCachePolyfill &gt; The polyfill should cache the result" classname="packages/webpack/template-webpack-plugin/test/basic.test.ts" time="0.018">
    </testcase>
  </testsuite>
  <testsuite name="packages/webpack/template-webpack-plugin/test/cases.test.ts" tests="46" failures="0" errors="0" skipped="0" time="1.3120000000000005" timestamp="2026-06-10T23:13:11.640Z">
    <testcase name="template &gt; templateCases-cases/assets/debug-info &gt; should pass" classname="packages/webpack/template-webpack-plugin/test/cases.test.ts" time="0.039">
    </testcase>
    <testcase name="template &gt; templateCases-cases/assets/debug-info-before-encode &gt; should pass" classname="packages/webpack/template-webpack-plugin/test/cases.test.ts" time="0.051">
    </testcase>
    <testcase name="template &gt; templateCases-cases/assets/debug-info-dev &gt; should pass" classname="packages/webpack/template-webpack-plugin/test/cases.test.ts" time="0.016">
    </testcase>
    <testcase name="template &gt; templateCases-cases/assets/debug-info-filename &gt; should pass" classname="packages/webpack/template-webpack-plugin/test/cases.test.ts" time="0.041">
    </testcase>
    <testcase name="template &gt; templateCases-cases/assets/debug-info-production &gt; should pass" classname="packages/webpack/template-webpack-plugin/test/cases.test.ts" time="0.064">
    </testcase>
    <testcase name="template &gt; templateCases-cases/assets/debug-info-public-path-auto &gt; should pass" classname="packages/webpack/template-webpack-plugin/test/cases.test.ts" time="0.052">
    </testcase>
    <testcase name="template &gt; templateCases-cases/assets/debug-info-public-path-custom &gt; should pass" classname="packages/webpack/template-webpack-plugin/test/cases.test.ts" time="0.041">
    </testcase>
    <testcase name="template &gt; templateCases-cases/assets/filename-flat &gt; should pass" classname="packages/webpack/template-webpack-plugin/test/cases.test.ts" time="0.019">
    </testcase>
    <testcase name="template &gt; templateCases-cases/assets/filename-hash &gt; should pass" classname="packages/webpack/template-webpack-plugin/test/cases.test.ts" time="0.013">
    </testcase>
    <testcase name="template &gt; templateCases-cases/assets/filename-hash-8 &gt; should pass" classname="packages/webpack/template-webpack-plugin/test/cases.test.ts" time="0.026">
    </testcase>
    <testcase name="template &gt; templateCases-cases/assets/lazy-bundle &gt; should pass" classname="packages/webpack/template-webpack-plugin/test/cases.test.ts" time="0.021">
    </testcase>
    <testcase name="template &gt; templateCases-cases/assets/lepus-chunk &gt; should pass" classname="packages/webpack/template-webpack-plugin/test/cases.test.ts" time="0.038">
    </testcase>
    <testcase name="template &gt; templateCases-cases/assets/mode-none &gt; should pass" classname="packages/webpack/template-webpack-plugin/test/cases.test.ts" time="0.019">
    </testcase>
    <testcase name="template &gt; templateCases-cases/assets/production &gt; should pass" classname="packages/webpack/template-webpack-plugin/test/cases.test.ts" time="0.032">
    </testcase>
    <testcase name="template &gt; templateCases-cases/assets/source-map &gt; should pass" classname="packages/webpack/template-webpack-plugin/test/cases.test.ts" time="0.026">
    </testcase>
    <testcase name="template &gt; templateCases-cases/bundle-splitting/async-chunk &gt; should pass" classname="packages/webpack/template-webpack-plugin/test/cases.test.ts" time="0.047">
    </testcase>
    <testcase name="template &gt; templateCases-cases/bundle-splitting/with-style &gt; should pass" classname="packages/webpack/template-webpack-plugin/test/cases.test.ts" time="0.145">
    </testcase>
    <testcase name="template &gt; templateCases-cases/code-splitting/async-chunk &gt; should pass" classname="packages/webpack/template-webpack-plugin/test/cases.test.ts" time="0.011">
    </testcase>
    <testcase name="template &gt; templateCases-cases/code-splitting/context &gt; should pass" classname="packages/webpack/template-webpack-plugin/test/cases.test.ts" time="0.011">
    </testcase>
    <testcase name="template &gt; templateCases-cases/code-splitting/duplicated-async-chunk &gt; should pass" classname="packages/webpack/template-webpack-plugin/test/cases.test.ts" time="0.02">
    </testcase>
    <testcase name="template &gt; templateCases-cases/code-splitting/initial-css-order &gt; should pass" classname="packages/webpack/template-webpack-plugin/test/cases.test.ts" time="0.017">
    </testcase>
    <testcase name="template &gt; templateCases-cases/code-splitting/webpack-chunk-name &gt; should pass" classname="packages/webpack/template-webpack-plugin/test/cases.test.ts" time="0.009">
    </testcase>
    <testcase name="template &gt; templateCases-cases/code-splitting/with-style &gt; should pass" classname="packages/webpack/template-webpack-plugin/test/cases.test.ts" time="0.025">
    </testcase>
    <testcase name="template &gt; templateCases-cases/defaults/compile-options &gt; should pass" classname="packages/webpack/template-webpack-plugin/test/cases.test.ts" time="0.01">
    </testcase>
    <testcase name="template &gt; templateCases-cases/defaults/config &gt; should pass" classname="packages/webpack/template-webpack-plugin/test/cases.test.ts" time="0.025">
    </testcase>
    <testcase name="template &gt; templateCases-cases/hooks/after-emit &gt; should pass" classname="packages/webpack/template-webpack-plugin/test/cases.test.ts" time="0.009">
    </testcase>
    <testcase name="template &gt; templateCases-cases/hooks/before-emit &gt; should pass" classname="packages/webpack/template-webpack-plugin/test/cases.test.ts" time="0.008">
    </testcase>
    <testcase name="template &gt; templateCases-cases/hooks/before-emit-filename &gt; should pass" classname="packages/webpack/template-webpack-plugin/test/cases.test.ts" time="0.007">
    </testcase>
    <testcase name="template &gt; templateCases-cases/hooks/before-emit-filename-hash &gt; should pass" classname="packages/webpack/template-webpack-plugin/test/cases.test.ts" time="0.007">
    </testcase>
    <testcase name="template &gt; templateCases-cases/hooks/before-emit-lepus &gt; should pass" classname="packages/webpack/template-webpack-plugin/test/cases.test.ts" time="0.007">
    </testcase>
    <testcase name="template &gt; templateCases-cases/hooks/before-encode &gt; should pass" classname="packages/webpack/template-webpack-plugin/test/cases.test.ts" time="0.009">
    </testcase>
    <testcase name="template &gt; templateCases-cases/hooks/before-encode-css &gt; should pass" classname="packages/webpack/template-webpack-plugin/test/cases.test.ts" time="0.009">
    </testcase>
    <testcase name="template &gt; templateCases-cases/inline-scripts/external &gt; should pass" classname="packages/webpack/template-webpack-plugin/test/cases.test.ts" time="0.027">
    </testcase>
    <testcase name="template &gt; templateCases-cases/inline-scripts/inline &gt; should pass" classname="packages/webpack/template-webpack-plugin/test/cases.test.ts" time="0.014">
    </testcase>
    <testcase name="template &gt; templateCases-cases/inline-scripts/inline-fn &gt; should pass" classname="packages/webpack/template-webpack-plugin/test/cases.test.ts" time="0.015">
    </testcase>
    <testcase name="template &gt; templateCases-cases/inline-scripts/inline-object &gt; should pass" classname="packages/webpack/template-webpack-plugin/test/cases.test.ts" time="0.018">
    </testcase>
    <testcase name="template &gt; templateCases-cases/inline-scripts/inline-partial &gt; should pass" classname="packages/webpack/template-webpack-plugin/test/cases.test.ts" time="0.024">
    </testcase>
    <testcase name="template &gt; templateCases-cases/inline-scripts/inline-regex &gt; should pass" classname="packages/webpack/template-webpack-plugin/test/cases.test.ts" time="0.043">
    </testcase>
    <testcase name="template &gt; templateCases-cases/inline-scripts/lazy-bundle-split &gt; should pass" classname="packages/webpack/template-webpack-plugin/test/cases.test.ts" time="0.02">
    </testcase>
    <testcase name="template &gt; templateCases-cases/main-thread/mpa &gt; should pass" classname="packages/webpack/template-webpack-plugin/test/cases.test.ts" time="0.028">
    </testcase>
    <testcase name="template &gt; templateCases-cases/runtime-module/async-chunk &gt; should pass" classname="packages/webpack/template-webpack-plugin/test/cases.test.ts" time="0.015">
    </testcase>
    <testcase name="template &gt; templateCases-cases/runtime-module/async-chunks &gt; should pass" classname="packages/webpack/template-webpack-plugin/test/cases.test.ts" time="0.022">
    </testcase>
    <testcase name="template &gt; templateCases-cases/web/all-in-one &gt; should pass" classname="packages/webpack/template-webpack-plugin/test/cases.test.ts" time="0.056">
    </testcase>
    <testcase name="template &gt; templateCases-cases/web/default-export &gt; should pass" classname="packages/webpack/template-webpack-plugin/test/cases.test.ts" time="0.024">
    </testcase>
    <testcase name="template &gt; templateCases-cases/web/element-template &gt; should pass" classname="packages/webpack/template-webpack-plugin/test/cases.test.ts" time="0.098">
    </testcase>
    <testcase name="template &gt; templateCases-cases/web/page-config &gt; should pass" classname="packages/webpack/template-webpack-plugin/test/cases.test.ts" time="0.034">
    </testcase>
  </testsuite>
  <testsuite name="packages/webpack/template-webpack-plugin/test/cssDiagnostics.test.ts" tests="9" failures="0" errors="0" skipped="0" time="0.004" timestamp="2026-06-10T23:13:11.640Z">
    <testcase name="cssDiagnostics &gt; extract tasm css diagnostics from JSON string" classname="packages/webpack/template-webpack-plugin/test/cssDiagnostics.test.ts" time="0.001">
    </testcase>
    <testcase name="cssDiagnostics &gt; resolve tasm css diagnostics with css source map" classname="packages/webpack/template-webpack-plugin/test/cssDiagnostics.test.ts" time="0.001">
    </testcase>
    <testcase name="cssDiagnostics &gt; resolve tasm css diagnostics with first mappable source map" classname="packages/webpack/template-webpack-plugin/test/cssDiagnostics.test.ts" time="0">
    </testcase>
    <testcase name="cssDiagnostics &gt; skip mapped source when file does not exist" classname="packages/webpack/template-webpack-plugin/test/cssDiagnostics.test.ts" time="0.001">
    </testcase>
    <testcase name="cssDiagnostics &gt; dedupe resolved tasm css diagnostics by message and location" classname="packages/webpack/template-webpack-plugin/test/cssDiagnostics.test.ts" time="0">
    </testcase>
    <testcase name="cssDiagnostics &gt; dedupe resolved tasm css diagnostics across batches" classname="packages/webpack/template-webpack-plugin/test/cssDiagnostics.test.ts" time="0">
    </testcase>
    <testcase name="cssDiagnostics &gt; process tasm css diagnostics from raw value to deduped diagnostics" classname="packages/webpack/template-webpack-plugin/test/cssDiagnostics.test.ts" time="0">
    </testcase>
    <testcase name="cssDiagnostics &gt; process tasm css diagnostics ignores invalid css source maps" classname="packages/webpack/template-webpack-plugin/test/cssDiagnostics.test.ts" time="0">
    </testcase>
    <testcase name="cssDiagnostics &gt; collect css source maps from chunk source.map()" classname="packages/webpack/template-webpack-plugin/test/cssDiagnostics.test.ts" time="0.001">
    </testcase>
  </testsuite>
  <testsuite name="packages/webpack/template-webpack-plugin/test/encode-worker-pool.test.ts" tests="2" failures="0" errors="0" skipped="0" time="0.669" timestamp="2026-06-10T23:13:11.640Z">
    <testcase name="LynxEncodePlugin shared worker pool &gt; runs multi-entry encodes in parallel via the shared pool" classname="packages/webpack/template-webpack-plugin/test/encode-worker-pool.test.ts" time="0.649">
    </testcase>
    <testcase name="LynxEncodePlugin shared worker pool &gt; subsequent compile reuses warm workers (no respawn)" classname="packages/webpack/template-webpack-plugin/test/encode-worker-pool.test.ts" time="0.02">
    </testcase>
  </testsuite>
  <testsuite name="packages/webpack/template-webpack-plugin/test/get-hooks-singleton.test.ts" tests="5" failures="0" errors="0" skipped="0" time="0.002" timestamp="2026-06-10T23:13:11.640Z">
    <testcase name="LynxTemplatePlugin.getLynxTemplatePluginHooks - cross-module singleton &gt; returns the same hooks for the same compilation across calls" classname="packages/webpack/template-webpack-plugin/test/get-hooks-singleton.test.ts" time="0.001">
    </testcase>
    <testcase name="LynxTemplatePlugin.getLynxTemplatePluginHooks - cross-module singleton &gt; returns distinct hooks for distinct compilations" classname="packages/webpack/template-webpack-plugin/test/get-hooks-singleton.test.ts" time="0.001">
    </testcase>
    <testcase name="LynxTemplatePlugin.getLynxTemplatePluginHooks - cross-module singleton &gt; real instance writes first, second physical copy reads the same hooks" classname="packages/webpack/template-webpack-plugin/test/get-hooks-singleton.test.ts" time="0">
    </testcase>
    <testcase name="LynxTemplatePlugin.getLynxTemplatePluginHooks - cross-module singleton &gt; second physical copy writes first, real instance reads the same hooks" classname="packages/webpack/template-webpack-plugin/test/get-hooks-singleton.test.ts" time="0">
    </testcase>
    <testcase name="LynxTemplatePlugin.getLynxTemplatePluginHooks - cross-module singleton &gt; a tap registered through one copy fires when encode.promise is awaited through the other" classname="packages/webpack/template-webpack-plugin/test/get-hooks-singleton.test.ts" time="0">
    </testcase>
  </testsuite>
  <testsuite name="packages/webpack/webpack-runtime-globals/test/RuntimeGlobals.test.ts" tests="1" failures="0" errors="0" skipped="0" time="0.022" timestamp="2026-06-10T23:13:11.640Z">
    <testcase name="RuntimeGlobals &gt; not overlap with Rspack" classname="packages/webpack/webpack-runtime-globals/test/RuntimeGlobals.test.ts" time="0.022">
    </testcase>
  </testsuite>
  <testsuite name="packages/genui/a2ui/test/basicFunctions.test.ts" tests="4" failures="0" errors="0" skipped="0" time="0.002" timestamp="2026-06-10T23:13:11.640Z">
    <testcase name="basicFunctions adapter &gt; exposes the validators + logic functions consumed by useChecks" classname="packages/genui/a2ui/test/basicFunctions.test.ts" time="0.001">
    </testcase>
    <testcase name="basicFunctions adapter &gt; exposes the spec&apos;s formatters + side-effect functions" classname="packages/genui/a2ui/test/basicFunctions.test.ts" time="0">
    </testcase>
    <testcase name="basicFunctions adapter &gt; carries upstream function definitions for handshakes" classname="packages/genui/a2ui/test/basicFunctions.test.ts" time="0.001">
    </testcase>
    <testcase name="basicFunctions adapter &gt; registerBasicFunctions &gt; routes a known function through the upstream impl" classname="packages/genui/a2ui/test/basicFunctions.test.ts" time="0">
    </testcase>
  </testsuite>
  <testsuite name="packages/genui/a2ui/test/catalog.test.ts" tests="12" failures="0" errors="0" skipped="0" time="0.004" timestamp="2026-06-10T23:13:11.640Z">
    <testcase name="defineCatalog &gt; bare component derives name from displayName ?? function name" classname="packages/genui/a2ui/test/catalog.test.ts" time="0.003">
    </testcase>
    <testcase name="defineCatalog &gt; tuple form derives name + schema from manifest" classname="packages/genui/a2ui/test/catalog.test.ts" time="0.001">
    </testcase>
    <testcase name="defineCatalog &gt; mixes bare and tuple inputs in one call" classname="packages/genui/a2ui/test/catalog.test.ts" time="0">
    </testcase>
    <testcase name="defineCatalog &gt; passes through already-resolved entries" classname="packages/genui/a2ui/test/catalog.test.ts" time="0">
    </testcase>
    <testcase name="defineCatalog &gt; rejects duplicate names" classname="packages/genui/a2ui/test/catalog.test.ts" time="0">
    </testcase>
    <testcase name="defineCatalog &gt; rejects components with no derivable name" classname="packages/genui/a2ui/test/catalog.test.ts" time="0">
    </testcase>
    <testcase name="defineCatalog &gt; respects displayName when set" classname="packages/genui/a2ui/test/catalog.test.ts" time="0">
    </testcase>
    <testcase name="mergeCatalogs &gt; last-write-wins on duplicate names" classname="packages/genui/a2ui/test/catalog.test.ts" time="0">
    </testcase>
    <testcase name="resolveCatalog &gt; returns a name → component map" classname="packages/genui/a2ui/test/catalog.test.ts" time="0">
    </testcase>
    <testcase name="serializeCatalog &gt; emits version + components, omitting schema when absent" classname="packages/genui/a2ui/test/catalog.test.ts" time="0">
    </testcase>
    <testcase name="serializeCatalog &gt; attaches schema when present" classname="packages/genui/a2ui/test/catalog.test.ts" time="0">
    </testcase>
    <testcase name="user composes their own all-builtins catalog &gt; paste-able recipe builds the expected manifest" classname="packages/genui/a2ui/test/catalog.test.ts" time="0">
    </testcase>
  </testsuite>
  <testsuite name="packages/genui/a2ui/test/choicePicker.test.ts" tests="7" failures="0" errors="0" skipped="0" time="0.002" timestamp="2026-06-10T23:13:11.640Z">
    <testcase name="ChoicePicker utils &gt; normalizes variants with the Composer alias" classname="packages/genui/a2ui/test/choicePicker.test.ts" time="0.001">
    </testcase>
    <testcase name="ChoicePicker utils &gt; normalizes display style" classname="packages/genui/a2ui/test/choicePicker.test.ts" time="0">
    </testcase>
    <testcase name="ChoicePicker utils &gt; normalizes options and removes duplicates" classname="packages/genui/a2ui/test/choicePicker.test.ts" time="0">
    </testcase>
    <testcase name="ChoicePicker utils &gt; normalizes selected values against available options" classname="packages/genui/a2ui/test/choicePicker.test.ts" time="0">
    </testcase>
    <testcase name="ChoicePicker utils &gt; toggles multiple selection values" classname="packages/genui/a2ui/test/choicePicker.test.ts" time="0">
    </testcase>
    <testcase name="ChoicePicker utils &gt; replaces mutually exclusive values" classname="packages/genui/a2ui/test/choicePicker.test.ts" time="0.001">
    </testcase>
    <testcase name="ChoicePicker utils &gt; filters options by label or value" classname="packages/genui/a2ui/test/choicePicker.test.ts" time="0">
    </testcase>
  </testsuite>
  <testsuite name="packages/genui/a2ui/test/createResource.test.ts" tests="11" failures="0" errors="0" skipped="0" time="0.005" timestamp="2026-06-10T23:13:11.640Z">
    <testcase name="createResource &gt; starts in pending status with undefined value" classname="packages/genui/a2ui/test/createResource.test.ts" time="0.001">
    </testcase>
    <testcase name="createResource &gt; complete moves to success and exposes value via getSnapshot" classname="packages/genui/a2ui/test/createResource.test.ts" time="0">
    </testcase>
    <testcase name="createResource &gt; getSnapshot reference changes on every transition" classname="packages/genui/a2ui/test/createResource.test.ts" time="0.001">
    </testcase>
    <testcase name="createResource &gt; pending → error transition produces a new snapshot reference" classname="packages/genui/a2ui/test/createResource.test.ts" time="0">
    </testcase>
    <testcase name="createResource &gt; complete after fail is rejected — error is terminal" classname="packages/genui/a2ui/test/createResource.test.ts" time="0">
    </testcase>
    <testcase name="createResource &gt; read does not throw when pending" classname="packages/genui/a2ui/test/createResource.test.ts" time="0">
    </testcase>
    <testcase name="createResource &gt; subscribe is invoked on every complete and disposers stop firing" classname="packages/genui/a2ui/test/createResource.test.ts" time="0.001">
    </testcase>
    <testcase name="createResource &gt; promise resolves on first complete" classname="packages/genui/a2ui/test/createResource.test.ts" time="0.002">
    </testcase>
    <testcase name="createResource &gt; fail moves to error and rejects promise" classname="packages/genui/a2ui/test/createResource.test.ts" time="0">
    </testcase>
    <testcase name="createResource &gt; subsequent completes update value but only first resolves promise" classname="packages/genui/a2ui/test/createResource.test.ts" time="0">
    </testcase>
    <testcase name="createResource &gt; onUpdate (deprecated) still receives updates" classname="packages/genui/a2ui/test/createResource.test.ts" time="0">
    </testcase>
  </testsuite>
  <testsuite name="packages/genui/a2ui/test/dateTimeInput.test.ts" tests="9" failures="0" errors="0" skipped="0" time="0.004" timestamp="2026-06-10T23:13:11.640Z">
    <testcase name="DateTimeInput utils &gt; parses date-only values as local calendar parts" classname="packages/genui/a2ui/test/dateTimeInput.test.ts" time="0.001">
    </testcase>
    <testcase name="DateTimeInput utils &gt; parses local date-time values" classname="packages/genui/a2ui/test/dateTimeInput.test.ts" time="0.001">
    </testcase>
    <testcase name="DateTimeInput utils &gt; ignores unsupported values" classname="packages/genui/a2ui/test/dateTimeInput.test.ts" time="0">
    </testcase>
    <testcase name="DateTimeInput utils &gt; normalizes modes with a usable fallback" classname="packages/genui/a2ui/test/dateTimeInput.test.ts" time="0">
    </testcase>
    <testcase name="DateTimeInput utils &gt; formats output values" classname="packages/genui/a2ui/test/dateTimeInput.test.ts" time="0">
    </testcase>
    <testcase name="DateTimeInput utils &gt; builds a six-week month page so long months are complete" classname="packages/genui/a2ui/test/dateTimeInput.test.ts" time="0.001">
    </testcase>
    <testcase name="DateTimeInput utils &gt; marks days outside min and max as disabled" classname="packages/genui/a2ui/test/dateTimeInput.test.ts" time="0">
    </testcase>
    <testcase name="DateTimeInput utils &gt; compares date-time parts and wraps time stepping" classname="packages/genui/a2ui/test/dateTimeInput.test.ts" time="0">
    </testcase>
    <testcase name="DateTimeInput utils &gt; normalizes labels, placeholders, and weekday labels" classname="packages/genui/a2ui/test/dateTimeInput.test.ts" time="0.001">
    </testcase>
  </testsuite>
  <testsuite name="packages/genui/a2ui/test/defineCatalogFunctions.test.ts" tests="6" failures="0" errors="0" skipped="0" time="0.002" timestamp="2026-06-10T23:13:11.640Z">
    <testcase name="defineCatalog with function entries &gt; separates components and functions" classname="packages/genui/a2ui/test/defineCatalogFunctions.test.ts" time="0.001">
    </testcase>
    <testcase name="defineCatalog with function entries &gt; rejects duplicate function names" classname="packages/genui/a2ui/test/defineCatalogFunctions.test.ts" time="0">
    </testcase>
    <testcase name="defineCatalog with function entries &gt; serializeCatalog announces functions in the handshake" classname="packages/genui/a2ui/test/defineCatalogFunctions.test.ts" time="0">
    </testcase>
    <testcase name="defineCatalog with function entries &gt; serializeCatalog omits functions array when definitions are absent" classname="packages/genui/a2ui/test/defineCatalogFunctions.test.ts" time="0">
    </testcase>
    <testcase name="defineCatalog with function entries &gt; mergeCatalogs preserves functions and re-registers impls" classname="packages/genui/a2ui/test/defineCatalogFunctions.test.ts" time="0.001">
    </testcase>
    <testcase name="defineCatalog with function entries &gt; defineFunction without a manifest reads the impl name" classname="packages/genui/a2ui/test/defineCatalogFunctions.test.ts" time="0">
    </testcase>
  </testsuite>
  <testsuite name="packages/genui/a2ui/test/executeFunctionCall.test.ts" tests="5" failures="0" errors="0" skipped="0" time="0.003" timestamp="2026-06-10T23:13:11.640Z">
    <testcase name="executeFunctionCall &gt; routes by name and returns the impl result" classname="packages/genui/a2ui/test/executeFunctionCall.test.ts" time="0.001">
    </testcase>
    <testcase name="executeFunctionCall &gt; resolves data-binding args against the surface store" classname="packages/genui/a2ui/test/executeFunctionCall.test.ts" time="0">
    </testcase>
    <testcase name="executeFunctionCall &gt; returns undefined and warns once for unknown functions" classname="packages/genui/a2ui/test/executeFunctionCall.test.ts" time="0">
    </testcase>
    <testcase name="executeFunctionCall &gt; resolves array args without turning them into objects" classname="packages/genui/a2ui/test/executeFunctionCall.test.ts" time="0.001">
    </testcase>
    <testcase name="executeFunctionCall &gt; basic functions use upstream zod parsing and data context" classname="packages/genui/a2ui/test/executeFunctionCall.test.ts" time="0.001">
    </testcase>
  </testsuite>
  <testsuite name="packages/genui/a2ui/test/formContext.test.ts" tests="4" failures="0" errors="0" skipped="0" time="0.001" timestamp="2026-06-10T23:13:11.640Z">
    <testcase name="FormController &gt; isValid is true when no inputs registered" classname="packages/genui/a2ui/test/formContext.test.ts" time="0.001">
    </testcase>
    <testcase name="FormController &gt; isValid is false when any input fails" classname="packages/genui/a2ui/test/formContext.test.ts" time="0">
    </testcase>
    <testcase name="FormController &gt; isValid flips back to true when failing input is removed" classname="packages/genui/a2ui/test/formContext.test.ts" time="0">
    </testcase>
    <testcase name="FormController &gt; setOutcome updates existing entries in place" classname="packages/genui/a2ui/test/formContext.test.ts" time="0">
    </testcase>
  </testsuite>
  <testsuite name="packages/genui/a2ui/test/functionRegistry.test.ts" tests="5" failures="0" errors="0" skipped="0" time="0.001" timestamp="2026-06-10T23:13:11.640Z">
    <testcase name="FunctionRegistry &gt; register/resolve round-trip" classname="packages/genui/a2ui/test/functionRegistry.test.ts" time="0.001">
    </testcase>
    <testcase name="FunctionRegistry &gt; has reflects registered state" classname="packages/genui/a2ui/test/functionRegistry.test.ts" time="0">
    </testcase>
    <testcase name="FunctionRegistry &gt; list returns every registered entry" classname="packages/genui/a2ui/test/functionRegistry.test.ts" time="0">
    </testcase>
    <testcase name="FunctionRegistry &gt; re-registering by name overrides the prior impl" classname="packages/genui/a2ui/test/functionRegistry.test.ts" time="0">
    </testcase>
    <testcase name="FunctionRegistry &gt; definition is preserved when provided" classname="packages/genui/a2ui/test/functionRegistry.test.ts" time="0">
    </testcase>
  </testsuite>
  <testsuite name="packages/genui/a2ui/test/messageStore.test.ts" tests="10" failures="0" errors="0" skipped="0" time="0.003" timestamp="2026-06-10T23:13:11.640Z">
    <testcase name="createMessageStore &gt; starts empty when no initial messages are provided" classname="packages/genui/a2ui/test/messageStore.test.ts" time="0.001">
    </testcase>
    <testcase name="createMessageStore &gt; seeds from `initialMessages`" classname="packages/genui/a2ui/test/messageStore.test.ts" time="0.001">
    </testcase>
    <testcase name="createMessageStore &gt; getSnapshot is referentially stable between mutations" classname="packages/genui/a2ui/test/messageStore.test.ts" time="0">
    </testcase>
    <testcase name="createMessageStore &gt; push appends a single message and notifies subscribers" classname="packages/genui/a2ui/test/messageStore.test.ts" time="0">
    </testcase>
    <testcase name="createMessageStore &gt; push appends a batch in one notification" classname="packages/genui/a2ui/test/messageStore.test.ts" time="0">
    </testcase>
    <testcase name="createMessageStore &gt; push of an empty array is a no-op" classname="packages/genui/a2ui/test/messageStore.test.ts" time="0">
    </testcase>
    <testcase name="createMessageStore &gt; subscribers can unsubscribe" classname="packages/genui/a2ui/test/messageStore.test.ts" time="0">
    </testcase>
    <testcase name="createMessageStore &gt; clear empties the buffer and notifies" classname="packages/genui/a2ui/test/messageStore.test.ts" time="0">
    </testcase>
    <testcase name="createMessageStore &gt; clear is a no-op when already empty" classname="packages/genui/a2ui/test/messageStore.test.ts" time="0">
    </testcase>
    <testcase name="createMessageStore &gt; snapshot is frozen — mutations throw in strict mode" classname="packages/genui/a2ui/test/messageStore.test.ts" time="0.001">
    </testcase>
  </testsuite>
  <testsuite name="packages/genui/a2ui/test/payloadNormalizer.test.ts" tests="6" failures="0" errors="0" skipped="0" time="0.002" timestamp="2026-06-10T23:13:11.640Z">
    <testcase name="payloadNormalizer &gt; createFallbackMessagesFromPlainText wraps text in a Text component" classname="packages/genui/a2ui/test/payloadNormalizer.test.ts" time="0.001">
    </testcase>
    <testcase name="payloadNormalizer &gt; createTextCardMessages wraps text in a Card with Text child" classname="packages/genui/a2ui/test/payloadNormalizer.test.ts" time="0.001">
    </testcase>
    <testcase name="payloadNormalizer &gt; normalizePayloadToMessages passes through structured messages" classname="packages/genui/a2ui/test/payloadNormalizer.test.ts" time="0">
    </testcase>
    <testcase name="payloadNormalizer &gt; normalizePayloadToMessages wraps plain text in fallback" classname="packages/genui/a2ui/test/payloadNormalizer.test.ts" time="0">
    </testcase>
    <testcase name="payloadNormalizer &gt; normalizePayloadToMessages handles { kind: &quot;text&quot;, data: &quot;...&quot; }" classname="packages/genui/a2ui/test/payloadNormalizer.test.ts" time="0">
    </testcase>
    <testcase name="payloadNormalizer &gt; prepareMessagesForProcessing tags messageId and dedupes createSurface" classname="packages/genui/a2ui/test/payloadNormalizer.test.ts" time="0">
    </testcase>
  </testsuite>
  <testsuite name="packages/genui/a2ui/test/processor.test.ts" tests="12" failures="0" errors="0" skipped="0" time="0.006" timestamp="2026-06-10T23:13:11.640Z">
    <testcase name="MessageProcessor &gt; onUpdate supports multiple listeners" classname="packages/genui/a2ui/test/processor.test.ts" time="0.001">
    </testcase>
    <testcase name="MessageProcessor &gt; onUpdate disposer unsubscribes" classname="packages/genui/a2ui/test/processor.test.ts" time="0">
    </testcase>
    <testcase name="MessageProcessor &gt; beginRendering fires when root component lands" classname="packages/genui/a2ui/test/processor.test.ts" time="0.001">
    </testcase>
    <testcase name="MessageProcessor &gt; deleteSurface emits and clears state" classname="packages/genui/a2ui/test/processor.test.ts" time="0">
    </testcase>
    <testcase name="MessageProcessor &gt; updateDataModel writes to surface store" classname="packages/genui/a2ui/test/processor.test.ts" time="0.001">
    </testcase>
    <testcase name="MessageProcessor &gt; expands dynamic children templates on layout components" classname="packages/genui/a2ui/test/processor.test.ts" time="0.001">
    </testcase>
    <testcase name="MessageProcessor &gt; rewrites non-children child references when cloning templates" classname="packages/genui/a2ui/test/processor.test.ts" time="0">
    </testcase>
    <testcase name="MessageProcessor &gt; template expansion rewrites Modal child references" classname="packages/genui/a2ui/test/processor.test.ts" time="0">
    </testcase>
    <testcase name="MessageProcessor &gt; template expansion rewrites Tabs child references" classname="packages/genui/a2ui/test/processor.test.ts" time="0.001">
    </testcase>
    <testcase name="MessageProcessor &gt; clears dynamic children when template data becomes empty" classname="packages/genui/a2ui/test/processor.test.ts" time="0">
    </testcase>
    <testcase name="MessageProcessor &gt; dispatch with no listeners resolves with empty array" classname="packages/genui/a2ui/test/processor.test.ts" time="0.001">
    </testcase>
    <testcase name="MessageProcessor &gt; onEvent multi-listener with disposer" classname="packages/genui/a2ui/test/processor.test.ts" time="0">
    </testcase>
  </testsuite>
  <testsuite name="packages/genui/a2ui/test/resolveDynamic.test.ts" tests="4" failures="0" errors="0" skipped="0" time="0.002" timestamp="2026-06-10T23:13:11.640Z">
    <testcase name="resolveDynamic &gt; resolves binding paths relative to the current data context" classname="packages/genui/a2ui/test/resolveDynamic.test.ts" time="0.001">
    </testcase>
    <testcase name="resolveDynamic &gt; resolves plain data bindings from the surface store" classname="packages/genui/a2ui/test/resolveDynamic.test.ts" time="0">
    </testcase>
    <testcase name="resolveDynamic &gt; evaluates nested function calls when functions are provided" classname="packages/genui/a2ui/test/resolveDynamic.test.ts" time="0.001">
    </testcase>
    <testcase name="resolveDynamic &gt; leaves nested function calls untouched when functions are not provided" classname="packages/genui/a2ui/test/resolveDynamic.test.ts" time="0">
    </testcase>
  </testsuite>
  <testsuite name="packages/genui/a2ui/test/slider.test.ts" tests="7" failures="0" errors="0" skipped="0" time="0.002" timestamp="2026-06-10T23:13:11.640Z">
    <testcase name="Slider utils &gt; normalizes numeric values" classname="packages/genui/a2ui/test/slider.test.ts" time="0.001">
    </testcase>
    <testcase name="Slider utils &gt; normalizes invalid ranges to defaults" classname="packages/genui/a2ui/test/slider.test.ts" time="0.001">
    </testcase>
    <testcase name="Slider utils &gt; maps A2UI values to lynx-ui ratios" classname="packages/genui/a2ui/test/slider.test.ts" time="0">
    </testcase>
    <testcase name="Slider utils &gt; maps lynx-ui ratios back to A2UI values" classname="packages/genui/a2ui/test/slider.test.ts" time="0">
    </testcase>
    <testcase name="Slider utils &gt; converts value step to ratio step" classname="packages/genui/a2ui/test/slider.test.ts" time="0">
    </testcase>
    <testcase name="Slider utils &gt; rounds stepped values without floating point tails" classname="packages/genui/a2ui/test/slider.test.ts" time="0">
    </testcase>
    <testcase name="Slider utils &gt; normalizes labels for display" classname="packages/genui/a2ui/test/slider.test.ts" time="0">
    </testcase>
  </testsuite>
  <testsuite name="packages/genui/a2ui/test/textField.test.ts" tests="7" failures="0" errors="0" skipped="0" time="0.001" timestamp="2026-06-10T23:13:11.640Z">
    <testcase name="TextField utils &gt; normalizes supported variants" classname="packages/genui/a2ui/test/textField.test.ts" time="0">
    </testcase>
    <testcase name="TextField utils &gt; falls back to textFieldType for composer compatibility" classname="packages/genui/a2ui/test/textField.test.ts" time="0.001">
    </testcase>
    <testcase name="TextField utils &gt; defaults unknown variants to shortText" classname="packages/genui/a2ui/test/textField.test.ts" time="0">
    </testcase>
    <testcase name="TextField utils &gt; maps variants to lynx-ui input types" classname="packages/genui/a2ui/test/textField.test.ts" time="0">
    </testcase>
    <testcase name="TextField utils &gt; normalizes field values for controlled input rendering" classname="packages/genui/a2ui/test/textField.test.ts" time="0">
    </testcase>
    <testcase name="TextField utils &gt; validates values with validationRegexp" classname="packages/genui/a2ui/test/textField.test.ts" time="0">
    </testcase>
    <testcase name="TextField utils &gt; ignores absent or invalid validationRegexp values" classname="packages/genui/a2ui/test/textField.test.ts" time="0">
    </testcase>
  </testsuite>
  <testsuite name="packages/genui/a2ui/test/useDataBinding.test.ts" tests="4" failures="0" errors="0" skipped="0" time="0.002" timestamp="2026-06-10T23:13:11.640Z">
    <testcase name="resolveProperties &gt; resolves path bindings and keeps primitive values" classname="packages/genui/a2ui/test/useDataBinding.test.ts" time="0.001">
    </testcase>
    <testcase name="resolveProperties &gt; returns Unsupported Data Syntax for call expressions" classname="packages/genui/a2ui/test/useDataBinding.test.ts" time="0.001">
    </testcase>
    <testcase name="resolveProperties &gt; resolves nested bindings inside arrays and objects" classname="packages/genui/a2ui/test/useDataBinding.test.ts" time="0">
    </testcase>
    <testcase name="resolveProperties &gt; reuses the previous resolved snapshot when values do not change" classname="packages/genui/a2ui/test/useDataBinding.test.ts" time="0">
    </testcase>
  </testsuite>
</testsuites>